{"D:\\Pearson\\coinchange.js": {"path":"D:\\Pearson\\coinchange.js","statementMap":{"0":{"start":{"line":2,"column":16},"end":{"line":2,"column":43}},"1":{"start":{"line":3,"column":26},"end":{"line":3,"column":28}},"2":{"start":{"line":4,"column":16},"end":{"line":4,"column":17}},"3":{"start":{"line":6,"column":8},"end":{"line":14,"column":9}},"4":{"start":{"line":6,"column":21},"end":{"line":6,"column":22}},"5":{"start":{"line":7,"column":20},"end":{"line":7,"column":44}},"6":{"start":{"line":8,"column":12},"end":{"line":8,"column":30}},"7":{"start":{"line":9,"column":12},"end":{"line":13,"column":13}},"8":{"start":{"line":10,"column":16},"end":{"line":10,"column":57}},"9":{"start":{"line":12,"column":16},"end":{"line":12,"column":27}},"10":{"start":{"line":16,"column":8},"end":{"line":16,"column":27}},"11":{"start":{"line":20,"column":0},"end":{"line":20,"column":27}}},"fnMap":{"0":{"name":"coinchange","decl":{"start":{"line":1,"column":9},"end":{"line":1,"column":19}},"loc":{"start":{"line":1,"column":23},"end":{"line":18,"column":1}},"line":1}},"branchMap":{"0":{"loc":{"start":{"line":9,"column":12},"end":{"line":13,"column":13}},"type":"if","locations":[{"start":{"line":9,"column":12},"end":{"line":13,"column":13}},{"start":{},"end":{}}],"line":9}},"s":{"0":2,"1":2,"2":2,"3":2,"4":2,"5":14,"6":14,"7":14,"8":5,"9":5,"10":2,"11":1},"f":{"0":2},"b":{"0":[5,9]},"_coverageSchema":"1a1c01bbd47fc00a2c39e90264f33305004495a9","hash":"13ec62d1b0e95e6916ea3ca8c2f4e538102140e4"}
,"D:\\Pearson\\palindromeChecker.js": {"path":"D:\\Pearson\\palindromeChecker.js","statementMap":{"0":{"start":{"line":2,"column":22},"end":{"line":2,"column":38}},"1":{"start":{"line":3,"column":25},"end":{"line":3,"column":44}},"2":{"start":{"line":4,"column":26},"end":{"line":4,"column":47}},"3":{"start":{"line":6,"column":4},"end":{"line":11,"column":5}},"4":{"start":{"line":7,"column":8},"end":{"line":7,"column":20}},"5":{"start":{"line":10,"column":8},"end":{"line":10,"column":21}},"6":{"start":{"line":14,"column":0},"end":{"line":14,"column":34}}},"fnMap":{"0":{"name":"palindromeChecker","decl":{"start":{"line":1,"column":9},"end":{"line":1,"column":26}},"loc":{"start":{"line":1,"column":34},"end":{"line":12,"column":1}},"line":1}},"branchMap":{"0":{"loc":{"start":{"line":6,"column":4},"end":{"line":11,"column":5}},"type":"if","locations":[{"start":{"line":6,"column":4},"end":{"line":11,"column":5}},{"start":{"line":9,"column":8},"end":{"line":11,"column":5}}],"line":6}},"s":{"0":2,"1":2,"2":2,"3":2,"4":1,"5":1,"6":1},"f":{"0":2},"b":{"0":[1,1]},"_coverageSchema":"1a1c01bbd47fc00a2c39e90264f33305004495a9","hash":"dcf72e64bf588debbd305c84de5dd91e315add7b"}
,"D:\\Pearson\\romanNumberConverter.js": {"path":"D:\\Pearson\\romanNumberConverter.js","statementMap":{"0":{"start":{"line":2,"column":17},"end":{"line":16,"column":7}},"1":{"start":{"line":17,"column":24},"end":{"line":17,"column":26}},"2":{"start":{"line":19,"column":6},"end":{"line":25,"column":7}},"3":{"start":{"line":20,"column":16},"end":{"line":20,"column":50}},"4":{"start":{"line":23,"column":8},"end":{"line":23,"column":36}},"5":{"start":{"line":24,"column":8},"end":{"line":24,"column":35}},"6":{"start":{"line":27,"column":6},"end":{"line":27,"column":25}},"7":{"start":{"line":31,"column":0},"end":{"line":31,"column":37}}},"fnMap":{"0":{"name":"romanNumberConverter","decl":{"start":{"line":1,"column":9},"end":{"line":1,"column":29}},"loc":{"start":{"line":1,"column":42},"end":{"line":29,"column":1}},"line":1}},"branchMap":{},"s":{"0":4,"1":4,"2":4,"3":52,"4":52,"5":52,"6":4,"7":1},"f":{"0":4},"b":{},"_coverageSchema":"1a1c01bbd47fc00a2c39e90264f33305004495a9","hash":"68ff5119f1db7b838685fce4cdb7d21decfd3caa"}
,"D:\\Pearson\\sumFibNum.js": {"path":"D:\\Pearson\\sumFibNum.js","statementMap":{"0":{"start":{"line":2,"column":4},"end":{"line":7,"column":5}},"1":{"start":{"line":3,"column":8},"end":{"line":5,"column":9}},"2":{"start":{"line":4,"column":12},"end":{"line":4,"column":21}},"3":{"start":{"line":6,"column":8},"end":{"line":6,"column":22}},"4":{"start":{"line":8,"column":13},"end":{"line":8,"column":14}},"5":{"start":{"line":9,"column":13},"end":{"line":9,"column":14}},"6":{"start":{"line":11,"column":4},"end":{"line":16,"column":5}},"7":{"start":{"line":11,"column":17},"end":{"line":11,"column":18}},"8":{"start":{"line":12,"column":8},"end":{"line":12,"column":21}},"9":{"start":{"line":13,"column":8},"end":{"line":13,"column":16}},"10":{"start":{"line":14,"column":8},"end":{"line":14,"column":15}},"11":{"start":{"line":17,"column":4},"end":{"line":17,"column":13}},"12":{"start":{"line":21,"column":0},"end":{"line":21,"column":27}}},"fnMap":{"0":{"name":"sumFibNum","decl":{"start":{"line":1,"column":9},"end":{"line":1,"column":18}},"loc":{"start":{"line":1,"column":27},"end":{"line":19,"column":1}},"line":1}},"branchMap":{"0":{"loc":{"start":{"line":2,"column":4},"end":{"line":7,"column":5}},"type":"if","locations":[{"start":{"line":2,"column":4},"end":{"line":7,"column":5}},{"start":{},"end":{}}],"line":2},"1":{"loc":{"start":{"line":3,"column":8},"end":{"line":5,"column":9}},"type":"if","locations":[{"start":{"line":3,"column":8},"end":{"line":5,"column":9}},{"start":{},"end":{}}],"line":3}},"s":{"0":4,"1":1,"2":1,"3":0,"4":3,"5":3,"6":3,"7":3,"8":17,"9":17,"10":17,"11":3,"12":1},"f":{"0":4},"b":{"0":[1,3],"1":[1,0]},"_coverageSchema":"1a1c01bbd47fc00a2c39e90264f33305004495a9","hash":"75c31212ee281eda0dc87f36a82f8f6f6e1dd12a"}
}
