TN:
SF:coinchange.js
FN:1,coinchange
FNF:1
FNH:1
FNDA:2,coinchange
DA:2,2
DA:3,2
DA:4,2
DA:6,2
DA:7,14
DA:8,14
DA:9,14
DA:10,5
DA:12,5
DA:16,2
DA:20,1
LF:11
LH:11
BRDA:9,0,0,5
BRDA:9,0,1,9
BRF:2
BRH:2
end_of_record
TN:
SF:palindromeChecker.js
FN:1,palindromeChecker
FNF:1
FNH:1
FNDA:2,palindromeChecker
DA:2,2
DA:3,2
DA:4,2
DA:6,2
DA:7,1
DA:10,1
DA:14,1
LF:7
LH:7
BRDA:6,0,0,1
BRDA:6,0,1,1
BRF:2
BRH:2
end_of_record
TN:
SF:romanNumberConverter.js
FN:1,romanNumberConverter
FNF:1
FNH:1
FNDA:4,romanNumberConverter
DA:2,4
DA:17,4
DA:19,4
DA:20,52
DA:23,52
DA:24,52
DA:27,4
DA:31,1
LF:8
LH:8
BRF:0
BRH:0
end_of_record
TN:
SF:sumFibNum.js
FN:1,sumFibNum
FNF:1
FNH:1
FNDA:4,sumFibNum
DA:2,4
DA:3,1
DA:4,1
DA:6,0
DA:8,3
DA:9,3
DA:11,3
DA:12,17
DA:13,17
DA:14,17
DA:17,3
DA:21,1
LF:12
LH:11
BRDA:2,0,0,1
BRDA:2,0,1,3
BRDA:3,1,0,1
BRDA:3,1,1,0
BRF:4
BRH:3
end_of_record
